[4.031s] DEBUG:colcon:Command line arguments: ['/usr/bin/colcon', 'build']
[4.032s] DEBUG:colcon:Parsed command line arguments: Namespace(log_base=None, log_level=None, verb_name='build', build_base='build', install_base='install', merge_install=False, symlink_install=False, test_result_base=None, continue_on_error=False, executor='parallel', parallel_workers=4, event_handlers=None, ignore_user_meta=False, metas=['./colcon.meta'], base_paths=['.'], packages_ignore=None, packages_ignore_regex=None, paths=None, packages_up_to=None, packages_up_to_regex=None, packages_above=None, packages_above_and_dependencies=None, packages_above_depth=None, packages_select_by_dep=None, packages_skip_by_dep=None, packages_skip_up_to=None, packages_select_build_failed=False, packages_skip_build_finished=False, packages_select_test_failures=False, packages_skip_test_passed=False, packages_select=None, packages_skip=None, packages_select_regex=None, packages_skip_regex=None, packages_start=None, packages_end=None, allow_overriding=[], cmake_args=None, cmake_target=None, cmake_target_skip_unavailable=False, cmake_clean_cache=False, cmake_clean_first=False, cmake_force_configure=False, ament_cmake_args=None, catkin_cmake_args=None, catkin_skip_building_tests=False, verb_parser=<colcon_defaults.argument_parser.defaults.DefaultArgumentsDecorator object at 0xffff8a4f5b10>, verb_extension=<colcon_core.verb.build.BuildVerb object at 0xffff8ad7e170>, main=<bound method BuildVerb.main of <colcon_core.verb.build.BuildVerb object at 0xffff8ad7e170>>)
[4.665s] Level 1:colcon.colcon_core.package_discovery:discover_packages(colcon_meta) check parameters
[4.669s] Level 1:colcon.colcon_core.package_discovery:discover_packages(recursive) check parameters
[4.669s] Level 1:colcon.colcon_core.package_discovery:discover_packages(ignore) check parameters
[4.669s] Level 1:colcon.colcon_core.package_discovery:discover_packages(path) check parameters
[4.670s] Level 1:colcon.colcon_core.package_discovery:discover_packages(colcon_meta) discover
[4.670s] Level 1:colcon.colcon_core.package_discovery:discover_packages(recursive) discover
[4.670s] INFO:colcon.colcon_core.package_discovery:Crawling recursively for packages in '/mnt/mk23561/m-drive/Robotics/turtlebot3_ws'
[4.677s] Level 1:colcon.colcon_core.package_identification:_identify(.) by extensions ['ignore', 'ignore_ament_install']
[4.678s] Level 1:colcon.colcon_core.package_identification:_identify(.) by extension 'ignore'
[4.685s] Level 1:colcon.colcon_core.package_identification:_identify(.) by extension 'ignore_ament_install'
[4.690s] Level 1:colcon.colcon_core.package_identification:_identify(.) by extensions ['colcon_pkg']
[4.691s] Level 1:colcon.colcon_core.package_identification:_identify(.) by extension 'colcon_pkg'
[4.694s] Level 1:colcon.colcon_core.package_identification:_identify(.) by extensions ['colcon_meta']
[4.695s] Level 1:colcon.colcon_core.package_identification:_identify(.) by extension 'colcon_meta'
[4.696s] Level 1:colcon.colcon_core.package_identification:_identify(.) by extensions ['ros']
[4.696s] Level 1:colcon.colcon_core.package_identification:_identify(.) by extension 'ros'
[4.872s] Level 1:colcon.colcon_core.package_identification:_identify(.) by extensions ['cmake', 'python']
[4.872s] Level 1:colcon.colcon_core.package_identification:_identify(.) by extension 'cmake'
[4.876s] Level 1:colcon.colcon_core.package_identification:_identify(.) by extension 'python'
[4.879s] Level 1:colcon.colcon_core.package_identification:_identify(.) by extensions ['python_setup_py']
[4.879s] Level 1:colcon.colcon_core.package_identification:_identify(.) by extension 'python_setup_py'
[4.887s] Level 1:colcon.colcon_core.package_identification:_identify(build) by extensions ['ignore', 'ignore_ament_install']
[4.888s] Level 1:colcon.colcon_core.package_identification:_identify(build) by extension 'ignore'
[4.889s] Level 1:colcon.colcon_core.package_identification:_identify(build) ignored
[4.897s] Level 1:colcon.colcon_core.package_identification:_identify(install) by extensions ['ignore', 'ignore_ament_install']
[4.898s] Level 1:colcon.colcon_core.package_identification:_identify(install) by extension 'ignore'
[4.898s] Level 1:colcon.colcon_core.package_identification:_identify(install) ignored
[4.906s] Level 1:colcon.colcon_core.package_identification:_identify(log) by extensions ['ignore', 'ignore_ament_install']
[4.907s] Level 1:colcon.colcon_core.package_identification:_identify(log) by extension 'ignore'
[4.908s] Level 1:colcon.colcon_core.package_identification:_identify(log) ignored
[4.917s] Level 1:colcon.colcon_core.package_identification:_identify(src) by extensions ['ignore', 'ignore_ament_install']
[4.918s] Level 1:colcon.colcon_core.package_identification:_identify(src) by extension 'ignore'
[4.921s] Level 1:colcon.colcon_core.package_identification:_identify(src) by extension 'ignore_ament_install'
[4.926s] Level 1:colcon.colcon_core.package_identification:_identify(src) by extensions ['colcon_pkg']
[4.927s] Level 1:colcon.colcon_core.package_identification:_identify(src) by extension 'colcon_pkg'
[4.930s] Level 1:colcon.colcon_core.package_identification:_identify(src) by extensions ['colcon_meta']
[4.930s] Level 1:colcon.colcon_core.package_identification:_identify(src) by extension 'colcon_meta'
[4.931s] Level 1:colcon.colcon_core.package_identification:_identify(src) by extensions ['ros']
[4.932s] Level 1:colcon.colcon_core.package_identification:_identify(src) by extension 'ros'
[4.949s] Level 1:colcon.colcon_core.package_identification:_identify(src) by extensions ['cmake', 'python']
[4.949s] Level 1:colcon.colcon_core.package_identification:_identify(src) by extension 'cmake'
[4.953s] Level 1:colcon.colcon_core.package_identification:_identify(src) by extension 'python'
[4.957s] Level 1:colcon.colcon_core.package_identification:_identify(src) by extensions ['python_setup_py']
[4.957s] Level 1:colcon.colcon_core.package_identification:_identify(src) by extension 'python_setup_py'
[4.958s] Level 1:colcon.colcon_core.package_discovery:discover_packages(recursive) using defaults
[4.959s] Level 1:colcon.colcon_core.package_discovery:discover_packages(ignore) discover
[4.959s] Level 1:colcon.colcon_core.package_discovery:discover_packages(ignore) using defaults
[4.960s] Level 1:colcon.colcon_core.package_discovery:discover_packages(path) discover
[4.960s] Level 1:colcon.colcon_core.package_discovery:discover_packages(path) using defaults
[5.277s] Level 1:colcon.colcon_core.package_discovery:discover_packages(prefix_path) check parameters
[5.278s] Level 1:colcon.colcon_core.package_discovery:discover_packages(prefix_path) discover
[5.325s] DEBUG:colcon.colcon_installed_package_information.package_discovery:Found 7 installed packages in /home/ubuntu/turtlebot3_ws/install
[5.343s] DEBUG:colcon.colcon_installed_package_information.package_discovery:Found 183 installed packages in /opt/ros/humble
[5.353s] Level 1:colcon.colcon_core.package_discovery:discover_packages(prefix_path) using defaults
[5.848s] INFO:colcon.colcon_core.executor:Executing jobs using 'parallel' executor
[5.876s] DEBUG:colcon.colcon_parallel_executor.executor.parallel:run_until_complete
[5.877s] DEBUG:colcon.colcon_parallel_executor.executor.parallel:closing loop
[5.877s] DEBUG:colcon.colcon_parallel_executor.executor.parallel:loop closed
[5.878s] DEBUG:colcon.colcon_parallel_executor.executor.parallel:run_until_complete finished with '0'
[5.878s] DEBUG:colcon.colcon_core.event_reactor:joining thread
[5.978s] INFO:colcon.colcon_core.plugin_system:Skipping extension 'colcon_notification.desktop_notification.notify_send': Could not find 'notify-send'
[5.979s] INFO:colcon.colcon_core.plugin_system:Skipping extension 'colcon_notification.desktop_notification.terminal_notifier': Not used on non-Darwin systems
[5.980s] INFO:colcon.colcon_core.plugin_system:Skipping extension 'colcon_notification.desktop_notification.win32': Not used on non-Windows systems
[5.980s] INFO:colcon.colcon_notification.desktop_notification:Sending desktop notification using 'notify2'
[6.055s] DEBUG:colcon.colcon_notification.desktop_notification.notify2:Failed to initialize notify2: org.freedesktop.DBus.Error.ServiceUnknown: The name org.freedesktop.Notifications was not provided by any .service files
[6.056s] DEBUG:colcon.colcon_core.event_reactor:joined thread
[6.123s] INFO:colcon.colcon_core.plugin_system:Skipping extension 'colcon_core.shell.bat': Not used on non-Windows systems
[6.125s] INFO:colcon.colcon_core.shell:Creating prefix script '/mnt/mk23561/m-drive/Robotics/turtlebot3_ws/install/local_setup.ps1'
[6.154s] INFO:colcon.colcon_core.shell:Creating prefix util module '/mnt/mk23561/m-drive/Robotics/turtlebot3_ws/install/_local_setup_util_ps1.py'
[6.198s] INFO:colcon.colcon_core.shell:Creating prefix chain script '/mnt/mk23561/m-drive/Robotics/turtlebot3_ws/install/setup.ps1'
[6.240s] INFO:colcon.colcon_core.shell:Creating prefix script '/mnt/mk23561/m-drive/Robotics/turtlebot3_ws/install/local_setup.sh'
[6.265s] INFO:colcon.colcon_core.shell:Creating prefix util module '/mnt/mk23561/m-drive/Robotics/turtlebot3_ws/install/_local_setup_util_sh.py'
[6.301s] INFO:colcon.colcon_core.shell:Creating prefix chain script '/mnt/mk23561/m-drive/Robotics/turtlebot3_ws/install/setup.sh'
[6.338s] INFO:colcon.colcon_core.shell:Creating prefix script '/mnt/mk23561/m-drive/Robotics/turtlebot3_ws/install/local_setup.bash'
[6.364s] INFO:colcon.colcon_core.shell:Creating prefix chain script '/mnt/mk23561/m-drive/Robotics/turtlebot3_ws/install/setup.bash'
[6.402s] INFO:colcon.colcon_core.shell:Creating prefix script '/mnt/mk23561/m-drive/Robotics/turtlebot3_ws/install/local_setup.zsh'
[6.427s] INFO:colcon.colcon_core.shell:Creating prefix chain script '/mnt/mk23561/m-drive/Robotics/turtlebot3_ws/install/setup.zsh'
